#
# There is insufficient memory for the Java Runtime Environment to continue.
# Native memory allocation (mmap) failed to map 132120576 bytes for G1 virtual space
# Possible reasons:
#   The system is out of physical RAM or swap space
#   The process is running with CompressedOops enabled, and the Java Heap may be blocking the growth of the native heap
# Possible solutions:
#   Reduce memory load on the system
#   Increase physical memory or swap space
#   Check if swap backing store is full
#   Decrease Java heap size (-Xmx/-Xms)
#   Decrease number of Java threads
#   Decrease Java thread stack sizes (-Xss)
#   Set larger code cache with -XX:ReservedCodeCacheSize=
#   JVM is running with Unscaled Compressed Oops mode in which the Java heap is
#     placed in the first 4GB address space. The Java Heap base address is the
#     maximum limit for the native heap growth. Please use -XX:HeapBaseMinAddress
#     to set the Java Heap base and to place the Java Heap above 4GB virtual address.
# This output file may be truncated or incomplete.
#
#  Out of Memory Error (os_windows.cpp:3550), pid=17104, tid=17472
#
# JRE version:  (17.0.8+9) (build )
# Java VM: Java HotSpot(TM) 64-Bit Server VM (17.0.8+9-LTS-211, mixed mode, sharing, tiered, compressed oops, compressed class ptrs, g1 gc, windows-amd64)
# No core dump will be written. Minidumps are not enabled by default on client versions of Windows
#

---------------  S U M M A R Y ------------

Command Line: -Dfile.encoding=UTF-8 --module-path=D:\advanced java\Travel Management System\build\classes travel.management.system.Dashboard

Host: Intel(R) Core(TM) i5-10210U CPU @ 1.60GHz, 8 cores, 7G,  Windows 11 , 64 bit Build 22621 (10.0.22621.2506)
Time: Sun Dec 31 23:42:31 2023 India Standard Time elapsed time: 0.017081 seconds (0d 0h 0m 0s)

---------------  T H R E A D  ---------------

Current thread (0x000001f949fc9c30):  JavaThread "Unknown thread" [_thread_in_vm, id=17472, stack(0x0000008780200000,0x0000008780300000)]

Stack: [0x0000008780200000,0x0000008780300000]
Native frames: (J=compiled Java code, j=interpreted, Vv=VM code, C=native code)
V  [jvm.dll+0x677d0a]
V  [jvm.dll+0x7d8c54]
V  [jvm.dll+0x7da3fe]
V  [jvm.dll+0x7daa63]
V  [jvm.dll+0x245c5f]
V  [jvm.dll+0x674bb9]
V  [jvm.dll+0x6694f2]
V  [jvm.dll+0x3031d6]
V  [jvm.dll+0x30a756]
V  [jvm.dll+0x359f9e]
V  [jvm.dll+0x35a1cf]
V  [jvm.dll+0x2da3e8]
V  [jvm.dll+0x2db354]
V  [jvm.dll+0x7aa711]
V  [jvm.dll+0x367b51]
V  [jvm.dll+0x789979]
V  [jvm.dll+0x3eb05f]
V  [jvm.dll+0x3ecae1]
C  [jli.dll+0x5297]
C  [ucrtbase.dll+0x29363]
C  [KERNEL32.DLL+0x1257d]
C  [ntdll.dll+0x5aa58]


---------------  P R O C E S S  ---------------

Threads class SMR info:
_java_thread_list=0x00007ff951db59d8, length=0, elements={
}

Java Threads: ( => current thread )

Other Threads:
  0x000001f94a021b60 GCTaskThread "GC Thread#0" [stack: 0x0000008780300000,0x0000008780400000] [id=12104]
  0x000001f94a0334b0 ConcurrentGCThread "G1 Main Marker" [stack: 0x0000008780400000,0x0000008780500000] [id=17480]
  0x000001f94a034660 ConcurrentGCThread "G1 Conc#0" [stack: 0x0000008780500000,0x0000008780600000] [id=17492]

[error occurred during error reporting (printing all threads), id 0xc0000005, EXCEPTION_ACCESS_VIOLATION (0xc0000005) at pc=0x00007ff9515eb047]

VM state: not at safepoint (not fully initialized)

VM Mutex/Monitor currently owned by a thread:  ([mutex/lock_event])
[0x000001f949fc50e0] Heap_lock - owner thread: 0x000001f949fc9c30

Heap address: 0x0000000083000000, size: 2000 MB, Compressed Oops mode: 32-bit

CDS archive(s) mapped at: [0x0000000000000000-0x0000000000000000-0x0000000000000000), size 0, SharedBaseAddress: 0x0000000800000000, ArchiveRelocationMode: 1.
Narrow klass base: 0x0000000000000000, Narrow klass shift: 0, Narrow klass range: 0x0

GC Precious Log:
<Empty>

Heap:
 garbage-first heap   total 0K, used 0K [0x0000000083000000, 0x0000000100000000)
  region size 1024K, 0 young (0K), 0 survivors (0K)

[error occurred during error reporting (printing heap information), id 0xc0000005, EXCEPTION_ACCESS_VIOLATION (0xc0000005) at pc=0x00007ff9519d1499]

GC Heap History (0 events):
No events

Deoptimization events (0 events):
No events

Classes unloaded (0 events):
No events

Classes redefined (0 events):
No events

Internal exceptions (0 events):
No events

VM Operations (0 events):
No events

Events (1 events):
Event: 0.007 Loaded shared library C:\Program Files\Java\jdk-17\bin\java.dll


Dynamic libraries:
0x00007ff758e10000 - 0x00007ff758e20000 	C:\Program Files\Java\jdk-17\bin\java.exe
0x00007ff9cf6b0000 - 0x00007ff9cf8c7000 	C:\WINDOWS\SYSTEM32\ntdll.dll
0x00007ff9ce460000 - 0x00007ff9ce524000 	C:\WINDOWS\System32\KERNEL32.DLL
0x00007ff9cd050000 - 0x00007ff9cd3f6000 	C:\WINDOWS\System32\KERNELBASE.dll
0x00007ff9ccb70000 - 0x00007ff9ccc81000 	C:\WINDOWS\System32\ucrtbase.dll
0x00007ff9abe80000 - 0x00007ff9abe9b000 	C:\Program Files\Java\jdk-17\bin\VCRUNTIME140.dll
0x00007ff952f30000 - 0x00007ff952f49000 	C:\Program Files\Java\jdk-17\bin\jli.dll
0x00007ff9ce370000 - 0x00007ff9ce421000 	C:\WINDOWS\System32\ADVAPI32.dll
0x00007ff9cf5c0000 - 0x00007ff9cf667000 	C:\WINDOWS\System32\msvcrt.dll
0x00007ff9cf3e0000 - 0x00007ff9cf485000 	C:\WINDOWS\System32\sechost.dll
0x00007ff9cd9c0000 - 0x00007ff9cdad7000 	C:\WINDOWS\System32\RPCRT4.dll
0x00007ff9cdae0000 - 0x00007ff9cdc8e000 	C:\WINDOWS\System32\USER32.dll
0x00007ff9ccb40000 - 0x00007ff9ccb66000 	C:\WINDOWS\System32\win32u.dll
0x00007ff9add10000 - 0x00007ff9adfa3000 	C:\WINDOWS\WinSxS\amd64_microsoft.windows.common-controls_6595b64144ccf1df_6.0.22621.2506_none_270c5ae97388e100\COMCTL32.dll
0x00007ff9ce430000 - 0x00007ff9ce459000 	C:\WINDOWS\System32\GDI32.dll
0x00007ff9cca20000 - 0x00007ff9ccb38000 	C:\WINDOWS\System32\gdi32full.dll
0x00007ff9ccc90000 - 0x00007ff9ccd2a000 	C:\WINDOWS\System32\msvcp_win.dll
0x00007ff9c5540000 - 0x00007ff9c554a000 	C:\WINDOWS\SYSTEM32\VERSION.dll
0x00007ff9ce980000 - 0x00007ff9ce9b1000 	C:\WINDOWS\System32\IMM32.DLL
0x00007ff9abe70000 - 0x00007ff9abe7c000 	C:\Program Files\Java\jdk-17\bin\vcruntime140_1.dll
0x00007ff950ff0000 - 0x00007ff95107e000 	C:\Program Files\Java\jdk-17\bin\msvcp140.dll
0x00007ff951300000 - 0x00007ff951ede000 	C:\Program Files\Java\jdk-17\bin\server\jvm.dll
0x00007ff9ce9c0000 - 0x00007ff9ce9c8000 	C:\WINDOWS\System32\PSAPI.DLL
0x00007ff9a3eb0000 - 0x00007ff9a3eb9000 	C:\WINDOWS\SYSTEM32\WSOCK32.dll
0x00007ff9c5e80000 - 0x00007ff9c5eb4000 	C:\WINDOWS\SYSTEM32\WINMM.dll
0x00007ff9cf490000 - 0x00007ff9cf501000 	C:\WINDOWS\System32\WS2_32.dll
0x00007ff9cbb10000 - 0x00007ff9cbb28000 	C:\WINDOWS\SYSTEM32\kernel.appcore.dll
0x00007ff9abe20000 - 0x00007ff9abe2a000 	C:\Program Files\Java\jdk-17\bin\jimage.dll
0x00007ff9ca370000 - 0x00007ff9ca5a3000 	C:\WINDOWS\SYSTEM32\DBGHELP.DLL
0x00007ff9cd470000 - 0x00007ff9cd7f9000 	C:\WINDOWS\System32\combase.dll
0x00007ff9ce8a0000 - 0x00007ff9ce977000 	C:\WINDOWS\System32\OLEAUT32.dll
0x00007ff9ac5b0000 - 0x00007ff9ac5e2000 	C:\WINDOWS\SYSTEM32\dbgcore.DLL
0x00007ff9ccfd0000 - 0x00007ff9cd04a000 	C:\WINDOWS\System32\bcryptPrimitives.dll
0x00007ff984550000 - 0x00007ff984575000 	C:\Program Files\Java\jdk-17\bin\java.dll

dbghelp: loaded successfully - version: 4.0.5 - missing functions: none
symbol engine: initialized successfully - sym options: 0x614 - pdb path: .;C:\Program Files\Java\jdk-17\bin;C:\WINDOWS\SYSTEM32;C:\WINDOWS\WinSxS\amd64_microsoft.windows.common-controls_6595b64144ccf1df_6.0.22621.2506_none_270c5ae97388e100;C:\Program Files\Java\jdk-17\bin\server

VM Arguments:
jvm_args: -Dfile.encoding=UTF-8 --module-path=D:\advanced java\Travel Management System\build\classes 
java_command: travel.management.system.Dashboard
java_class_path (initial): C:\Users\HP\Downloads\mysql-connector-java-8.0.28.jar;D:\advanced java\Travel Management System\build\classes
Launcher Type: SUN_STANDARD

[Global flags]
     intx CICompilerCount                          = 4                                         {product} {ergonomic}
     uint ConcGCThreads                            = 2                                         {product} {ergonomic}
     uint G1ConcRefinementThreads                  = 8                                         {product} {ergonomic}
   size_t G1HeapRegionSize                         = 1048576                                   {product} {ergonomic}
    uintx GCDrainStackTargetSize                   = 64                                        {product} {ergonomic}
   size_t InitialHeapSize                          = 132120576                                 {product} {ergonomic}
   size_t MarkStackSize                            = 4194304                                   {product} {ergonomic}
   size_t MaxHeapSize                              = 2097152000                                {product} {ergonomic}
   size_t MinHeapDeltaBytes                        = 1048576                                   {product} {ergonomic}
   size_t MinHeapSize                              = 8388608                                   {product} {ergonomic}
    uintx NonNMethodCodeHeapSize                   = 5839372                                {pd product} {ergonomic}
    uintx NonProfiledCodeHeapSize                  = 122909434                              {pd product} {ergonomic}
    uintx ProfiledCodeHeapSize                     = 122909434                              {pd product} {ergonomic}
    uintx ReservedCodeCacheSize                    = 251658240                              {pd product} {ergonomic}
     bool SegmentedCodeCache                       = true                                      {product} {ergonomic}
   size_t SoftMaxHeapSize                          = 2097152000                             {manageable} {ergonomic}
     bool UseCompressedClassPointers               = true                           {product lp64_product} {ergonomic}
     bool UseCompressedOops                        = true                           {product lp64_product} {ergonomic}
     bool UseG1GC                                  = true                                      {product} {ergonomic}
     bool UseLargePagesIndividualAllocation        = false                                  {pd product} {ergonomic}

Logging:
Log output configuration:
 #0: stdout all=warning uptime,level,tags
 #1: stderr all=off uptime,level,tags

Environment Variables:
PATH=C:\Program Files\Common Files\Oracle\Java\javapath;C:\app\HP\product\21c\dbhomeXE\bin;C:\Program Files (x86)\Common Files\Oracle\Java\javapath;C:\WINDOWS\system32;C:\WINDOWS;C:\WINDOWS\System32\Wbem;C:\WINDOWS\System32\WindowsPowerShell\v1.0\;C:\WINDOWS\System32\OpenSSH\;C:\MinGW\bin;C:\Program Files\dotnet\;C:\Program Files\php-8.2.7;C:\Program Files\Java\jdk-17\bin;C:\Program Files\Java\jdk1.8.0_321\bin;C:\Program Files\MySQL\MySQL Server 8.0\bin;C:\Program Files\Microsoft SQL Server\150\Tools\Binn\;C:\Program Files\Microsoft SQL Server\Client SDK\ODBC\170\Tools\Binn\;C:\Program Files\MySQL\MySQL Shell 8.0\bin\;C:\Users\HP\AppData\Local\Microsoft\WindowsApps;;C:\Users\HP\AppData\Local\Programs\Microsoft VS Code\bin;C:\Users\HP\.dotnet\tools
USERNAME=HP
OS=Windows_NT
PROCESSOR_IDENTIFIER=Intel64 Family 6 Model 166 Stepping 0, GenuineIntel



---------------  S Y S T E M  ---------------

OS:
 Windows 11 , 64 bit Build 22621 (10.0.22621.2506)
OS uptime: 0 days 1:04 hours

CPU: total 8 (initial active 8) (4 cores per cpu, 2 threads per core) family 6 model 166 stepping 0 microcode 0xe0, cx8, cmov, fxsr, ht, mmx, 3dnowpref, sse, sse2, sse3, ssse3, sse4.1, sse4.2, popcnt, lzcnt, tsc, tscinvbit, avx, avx2, aes, erms, clmul, bmi1, bmi2, adx, fma, vzeroupper, clflush, clflushopt

Memory: 4k page, system-wide physical 7996M (392M free)
TotalPageFile size 20407M (AvailPageFile size 7M)
current process WorkingSet (physical memory assigned to process): 11M, peak: 11M
current process commit charge ("private bytes"): 60M, peak: 186M

vm_info: Java HotSpot(TM) 64-Bit Server VM (17.0.8+9-LTS-211) for windows-amd64 JRE (17.0.8+9-LTS-211), built on Jun 14 2023 10:34:31 by "mach5one" with MS VC++ 17.1 (VS2022)

END.
